# JRE version: Java(TM) SE Runtime Environment (8.0_101-b13) (build 1.8.0_101-b13)
# Java VM: Java HotSpot(TM) 64-Bit Server VM (25.101-b13 mixed mode windows-amd64 compressed oops)
Heap:
 PSYoungGen      total 155136K, used 24144K [0x00000000d5f00000, 0x00000000e3a80000, 0x0000000100000000)
  eden space 141824K, 7% used [0x00000000d5f00000,0x00000000d6997738,0x00000000de980000)
  from space 13312K, 99% used [0x00000000dff80000,0x00000000e0c7cca8,0x00000000e0c80000)
  to   space 22528K, 0% used [0x00000000de980000,0x00000000de980000,0x00000000dff80000)
 ParOldGen       total 62976K, used 32094K [0x0000000081c00000, 0x0000000085980000, 0x00000000d5f00000)
  object space 62976K, 50% used [0x0000000081c00000,0x0000000083b57830,0x0000000085980000)
 Metaspace       used 37742K, capacity 38426K, committed 38528K, reserved 1083392K
  class space    used 4760K, capacity 4943K, committed 4992K, reserved 1048576K
GC Heap History (10 events):
Event: 5.640 GC heap before
{Heap before GC invocations=8 (full 1):
 PSYoungGen      total 109568K, used 106461K [0x00000000d5f00000, 0x00000000dd800000, 0x0000000100000000)
  eden space 101376K, 100% used [0x00000000d5f00000,0x00000000dc200000,0x00000000dc200000)
  from space 8192K, 62% used [0x00000000dd000000,0x00000000dd4f74f0,0x00000000dd800000)
  to   space 11264K, 0% used [0x00000000dc200000,0x00000000dc200000,0x00000000dcd00000)
 ParOldGen       total 62976K, used 9579K [0x0000000081c00000, 0x0000000085980000, 0x00000000d5f00000)
  object space 62976K, 15% used [0x0000000081c00000,0x000000008255af30,0x0000000085980000)
 Metaspace       used 29354K, capacity 29676K, committed 29952K, reserved 1075200K
  class space    used 3665K, capacity 3771K, committed 3840K, reserved 1048576K
Event: 5.660 GC heap after
Heap after GC invocations=8 (full 1):
 PSYoungGen      total 112640K, used 11258K [0x00000000d5f00000, 0x00000000e0c80000, 0x0000000100000000)
  eden space 101376K, 0% used [0x00000000d5f00000,0x00000000d5f00000,0x00000000dc200000)
  from space 11264K, 99% used [0x00000000dc200000,0x00000000dccfeae8,0x00000000dcd00000)
  to   space 13312K, 0% used [0x00000000dff80000,0x00000000dff80000,0x00000000e0c80000)
 ParOldGen       total 62976K, used 9892K [0x0000000081c00000, 0x0000000085980000, 0x00000000d5f00000)
  object space 62976K, 15% used [0x0000000081c00000,0x00000000825a9340,0x0000000085980000)
 Metaspace       used 29354K, capacity 29676K, committed 29952K, reserved 1075200K
  class space    used 3665K, capacity 3771K, committed 3840K, reserved 1048576K
}
Event: 6.848 GC heap before
{Heap before GC invocations=9 (full 1):
 PSYoungGen      total 112640K, used 112634K [0x00000000d5f00000, 0x00000000e0c80000, 0x0000000100000000)
  eden space 101376K, 100% used [0x00000000d5f00000,0x00000000dc200000,0x00000000dc200000)
  from space 11264K, 99% used [0x00000000dc200000,0x00000000dccfeae8,0x00000000dcd00000)
  to   space 13312K, 0% used [0x00000000dff80000,0x00000000dff80000,0x00000000e0c80000)
 ParOldGen       total 62976K, used 9892K [0x0000000081c00000, 0x0000000085980000, 0x00000000d5f00000)
  object space 62976K, 15% used [0x0000000081c00000,0x00000000825a9340,0x0000000085980000)
 Metaspace       used 30781K, capacity 31184K, committed 31360K, reserved 1077248K
  class space    used 3824K, capacity 3953K, committed 3968K, reserved 1048576K
Event: 6.887 GC heap after
Heap after GC invocations=9 (full 1):
 PSYoungGen      total 158208K, used 13290K [0x00000000d5f00000, 0x00000000e1c80000, 0x0000000100000000)
  eden space 144896K, 0% used [0x00000000d5f00000,0x00000000d5f00000,0x00000000dec80000)
  from space 13312K, 99% used [0x00000000dff80000,0x00000000e0c7a970,0x00000000e0c80000)
  to   space 19456K, 0% used [0x00000000dec80000,0x00000000dec80000,0x00000000dff80000)
 ParOldGen       total 62976K, used 18998K [0x0000000081c00000, 0x0000000085980000, 0x00000000d5f00000)
  object space 62976K, 30% used [0x0000000081c00000,0x0000000082e8dbe8,0x0000000085980000)
 Metaspace       used 30781K, capacity 31184K, committed 31360K, reserved 1077248K
  class space    used 3824K, capacity 3953K, committed 3968K, reserved 1048576K
}
Event: 9.402 GC heap before
{Heap before GC invocations=10 (full 1):
 PSYoungGen      total 158208K, used 140057K [0x00000000d5f00000, 0x00000000e1c80000, 0x0000000100000000)
  eden space 144896K, 87% used [0x00000000d5f00000,0x00000000ddacbc50,0x00000000dec80000)
  from space 13312K, 99% used [0x00000000dff80000,0x00000000e0c7a970,0x00000000e0c80000)
  to   space 19456K, 0% used [0x00000000dec80000,0x00000000dec80000,0x00000000dff80000)
 ParOldGen       total 62976K, used 18998K [0x0000000081c00000, 0x0000000085980000, 0x00000000d5f00000)
  object space 62976K, 30% used [0x0000000081c00000,0x0000000082e8dbe8,0x0000000085980000)
 Metaspace       used 34849K, capacity 35324K, committed 35496K, reserved 1081344K
  class space    used 4382K, capacity 4524K, committed 4608K, reserved 1048576K
Event: 9.466 GC heap after
Heap after GC invocations=10 (full 1):
 PSYoungGen      total 164352K, used 18365K [0x00000000d5f00000, 0x00000000e1c80000, 0x0000000100000000)
  eden space 144896K, 0% used [0x00000000d5f00000,0x00000000d5f00000,0x00000000dec80000)
  from space 19456K, 94% used [0x00000000dec80000,0x00000000dfe6f7d0,0x00000000dff80000)
  to   space 13312K, 0% used [0x00000000dff80000,0x00000000dff80000,0x00000000e0c80000)
 ParOldGen       total 62976K, used 20878K [0x0000000081c00000, 0x0000000085980000, 0x00000000d5f00000)
  object space 62976K, 33% used [0x0000000081c00000,0x0000000083063be8,0x0000000085980000)
 Metaspace       used 34849K, capacity 35324K, committed 35496K, reserved 1081344K
  class space    used 4382K, capacity 4524K, committed 4608K, reserved 1048576K
}
Event: 9.466 GC heap before
{Heap before GC invocations=11 (full 2):
 PSYoungGen      total 164352K, used 18365K [0x00000000d5f00000, 0x00000000e1c80000, 0x0000000100000000)
  eden space 144896K, 0% used [0x00000000d5f00000,0x00000000d5f00000,0x00000000dec80000)
  from space 19456K, 94% used [0x00000000dec80000,0x00000000dfe6f7d0,0x00000000dff80000)
  to   space 13312K, 0% used [0x00000000dff80000,0x00000000dff80000,0x00000000e0c80000)
 ParOldGen       total 62976K, used 20878K [0x0000000081c00000, 0x0000000085980000, 0x00000000d5f00000)
  object space 62976K, 33% used [0x0000000081c00000,0x0000000083063be8,0x0000000085980000)
 Metaspace       used 34849K, capacity 35324K, committed 35496K, reserved 1081344K
  class space    used 4382K, capacity 4524K, committed 4608K, reserved 1048576K
Event: 9.747 GC heap after
Heap after GC invocations=11 (full 2):
 PSYoungGen      total 164352K, used 0K [0x00000000d5f00000, 0x00000000e1c80000, 0x0000000100000000)
  eden space 144896K, 0% used [0x00000000d5f00000,0x00000000d5f00000,0x00000000dec80000)
  from space 19456K, 0% used [0x00000000dec80000,0x00000000dec80000,0x00000000dff80000)
  to   space 13312K, 0% used [0x00000000dff80000,0x00000000dff80000,0x00000000e0c80000)
 ParOldGen       total 62976K, used 30410K [0x0000000081c00000, 0x0000000085980000, 0x00000000d5f00000)
  object space 62976K, 48% used [0x0000000081c00000,0x00000000839b2a00,0x0000000085980000)
 Metaspace       used 34849K, capacity 35324K, committed 35496K, reserved 1081344K
  class space    used 4382K, capacity 4524K, committed 4608K, reserved 1048576K
}
Event: 11.299 GC heap before
{Heap before GC invocations=12 (full 2):
 PSYoungGen      total 164352K, used 144896K [0x00000000d5f00000, 0x00000000e1c80000, 0x0000000100000000)
  eden space 144896K, 100% used [0x00000000d5f00000,0x00000000dec80000,0x00000000dec80000)
  from space 19456K, 0% used [0x00000000dec80000,0x00000000dec80000,0x00000000dff80000)
  to   space 13312K, 0% used [0x00000000dff80000,0x00000000dff80000,0x00000000e0c80000)
 ParOldGen       total 62976K, used 30410K [0x0000000081c00000, 0x0000000085980000, 0x00000000d5f00000)
  object space 62976K, 48% used [0x0000000081c00000,0x00000000839b2a00,0x0000000085980000)
 Metaspace       used 37009K, capacity 37648K, committed 37888K, reserved 1083392K
  class space    used 4667K, capacity 4828K, committed 4864K, reserved 1048576K
Event: 11.320 GC heap after
Heap after GC invocations=12 (full 2):
 PSYoungGen      total 155136K, used 13299K [0x00000000d5f00000, 0x00000000e3a80000, 0x0000000100000000)
  eden space 141824K, 0% used [0x00000000d5f00000,0x00000000d5f00000,0x00000000de980000)
  from space 13312K, 99% used [0x00000000dff80000,0x00000000e0c7cca8,0x00000000e0c80000)
  to   space 22528K, 0% used [0x00000000de980000,0x00000000de980000,0x00000000dff80000)
 ParOldGen       total 62976K, used 32094K [0x0000000081c00000, 0x0000000085980000, 0x00000000d5f00000)
  object space 62976K, 50% used [0x0000000081c00000,0x0000000083b57830,0x0000000085980000)
 Metaspace       used 37009K, capacity 37648K, committed 37888K, reserved 1083392K
  class space    used 4667K, capacity 4828K, committed 4864K, reserved 1048576K
}

